<?xml version="1.0" encoding="UTF-8"?>
<!-- Generated by org.testng.reporters.JUnitReportReporter -->
<testsuite hostname="Queen" failures="0" tests="1" name="CampaignModule.CreateCampaignwithProduct" time="40.986" errors="0" timestamp="2023-08-29T13:45:14 AEST" skipped="0">
  <testcase classname="CampaignModule.CreateCampaignwithProduct" name="CreateCampaignwithProduct" time="40.986"/>
</testsuite> <!-- CampaignModule.CreateCampaignwithProduct -->
